<?xml version="1.0" encoding="UTF-8"?>
<!-- Generated by org.testng.reporters.JUnitXMLReporter -->
<testsuite ignored="0" hostname="Kishan" failures="0" tests="4" name="Default test" time="9.869" errors="0" timestamp="2023-12-03T16:01:47 IST">
  <testcase classname="KishanPractice.TestNG.TestNgTest" name="radioButtons" time="0.413"/>
  <testcase classname="KishanPractice.TestNG.TestNgTest" name="countrySuggestion" time="2.294"/>
  <testcase classname="KishanPractice.TestNG.TestNgTest" name="dropdown" time="0.191"/>
  <testcase classname="KishanPractice.TestNG.TestNgTest" name="checkBox" time="0.107"/>
</testsuite> <!-- Default test -->
